

Microchip MPLAB XC8 Assembler V2.36 build 20220127204148 
                                                                                               Tue Mar 01 12:52:05 2022

Microchip MPLAB XC8 C Compiler v2.36 (Free license) build 20220127204148 Og1 
     1                           	processor	18F4550
     2                           	fnconf	rparam,??,?,0
     3                           	pagewidth 120
     4                           	opt	flic
     5                           	psect	cinit,global,reloc=2,class=CODE,delta=1
     6                           	psect	cstackCOMRAM,global,class=COMRAM,space=1,delta=1,lowdata,noexec
     7                           	psect	text0,global,reloc=2,class=CODE,delta=1
     8                           	psect	text1,global,reloc=2,class=CODE,delta=1
     9                           	psect	text2,global,reloc=2,class=CODE,delta=1
    10                           	psect	text3,global,reloc=2,class=CODE,delta=1
    11                           	psect	intsave_regs,global,class=BIGRAM,space=1,delta=1,noexec
    12                           	psect	rparam,global,class=COMRAM,space=1,delta=1,noexec
    13                           	psect	idloc,global,abs,ovrld,class=IDLOC,space=5,delta=1,noexec
    14                           	psect	config,global,abs,ovrld,class=CONFIG,space=4,delta=1,noexec
    15  0000                     
    16                           ; Version 2.40
    17                           ; Generated 17/11/2021 GMT
    18                           ; 
    19                           ; Copyright © 2021, Microchip Technology Inc. and its subsidiaries ("Microchip")
    20                           ; All rights reserved.
    21                           ; 
    22                           ; This software is developed by Microchip Technology Inc. and its subsidiaries ("Microch
      +                          ip").
    23                           ; 
    24                           ; Redistribution and use in source and binary forms, with or without modification, are
    25                           ; permitted provided that the following conditions are met:
    26                           ; 
    27                           ;     1. Redistributions of source code must retain the above copyright notice, this lis
      +                          t of
    28                           ;        conditions and the following disclaimer.
    29                           ; 
    30                           ;     2. Redistributions in binary form must reproduce the above copyright notice, this 
      +                          list
    31                           ;        of conditions and the following disclaimer in the documentation and/or other
    32                           ;        materials provided with the distribution. Publication is not required when
    33                           ;        this file is used in an embedded application.
    34                           ; 
    35                           ;     3. Microchip's name may not be used to endorse or promote products derived from th
      +                          is
    36                           ;        software without specific prior written permission.
    37                           ; 
    38                           ; THIS SOFTWARE IS PROVIDED BY MICROCHIP "AS IS" AND ANY EXPRESS OR IMPLIED WARRANTIES,
    39                           ; INCLUDING, BUT NOT LIMITED TO, THE IMPLIED WARRANTIES OF MERCHANTABILITY AND FITNESS F
      +                          OR
    40                           ; PURPOSE ARE DISCLAIMED.  IN NO EVENT SHALL MICROCHIP BE LIABLE FOR ANY DIRECT, INDIREC
      +                          T,
    41                           ; INCIDENTAL, SPECIAL, EXEMPLARY, OR CONSEQUENTIAL DAMAGES (INCLUDING BUT NOT LIMITED TO
    42                           ; PROCUREMENT OF SUBSTITUTE GOODS OR SERVICES; LOSS OF USE, DATA OR PROFITS; OR BUSINESS
    43                           ; INTERRUPTION) HOWSOEVER CAUSED AND ON ANY THEORY OF LIABILITY, WHETHER IN CONTRACT, ST
      +                          RICT
    44                           ; LIABILITY, OR TORT (INCLUDING NEGLIGENCE OR OTHERWISE) ARISING IN ANY WAY OUT OF THE U
      +                          SE OF
    45                           ; THIS SOFTWARE, EVEN IF ADVISED OF THE POSSIBILITY OF SUCH DAMAGE.
    46                           ; 
    47                           ; 
    48                           ; Code-generator required, PIC18F4550 Definitions
    49                           ; 
    50                           ; SFR Addresses
    51  0000                     _PORTAbits	set	3968
    52  0000                     _TRISAbits	set	3986
    53  0000                     _TRISD	set	3989
    54  0000                     _ADCON1	set	4033
    55  0000                     _OSCCON	set	4051
    56  0000                     _TRISBbits	set	3987
    57  0000                     _PORTDbits	set	3971
    58  0000                     _LATBbits	set	3978
    59                           
    60                           ; #config settings
    61                           
    62                           	psect	cinit
    63  007E88                     __pcinit:
    64                           	callstack 0
    65  007E88                     start_initialization:
    66                           	callstack 0
    67  007E88                     __initialization:
    68                           	callstack 0
    69  007E88                     end_of_initialization:
    70                           	callstack 0
    71  007E88                     __end_of__initialization:
    72                           	callstack 0
    73  007E88  0100               	movlb	0
    74  007E8A  EF91  F03F         	goto	_main	;jump to C main() function
    75                           
    76                           	psect	cstackCOMRAM
    77  000001                     __pcstackCOMRAM:
    78                           	callstack 0
    79  000001                     ??_delaymsled_yellow:
    80  000001                     ??_delaymsled_red_green:
    81  000001                     piractivar@flag:
    82                           	callstack 0
    83                           
    84                           ; 2 bytes @ 0x0
    85  000001                     	ds	2
    86  000003                     
    87                           ; 2 bytes @ 0x2
    88  000003                     	ds	2
    89  000005                     
    90                           ; 3 bytes @ 0x4
    91  000005                     	ds	3
    92  000008                     ??_main:
    93                           
    94                           ; 1 bytes @ 0x7
    95  000008                     	ds	2
    96  00000A                     main@contador:
    97                           	callstack 0
    98                           
    99                           ; 2 bytes @ 0x9
   100  00000A                     	ds	2
   101                           
   102 ;;
   103 ;;Main: autosize = 0, tempsize = 2, incstack = 0, save=0
   104 ;;
   105 ;; *************** function _main *****************
   106 ;; Defined at:
   107 ;;		line 41 in file "main.c"
   108 ;; Parameters:    Size  Location     Type
   109 ;;  argc            2    2[COMRAM] int 
   110 ;;  argv            3    4[COMRAM] PTR PTR unsigned char 
   111 ;; Auto vars:     Size  Location     Type
   112 ;;  contador        2    9[COMRAM] int 
   113 ;; Return value:  Size  Location     Type
   114 ;;                  2    2[COMRAM] int 
   115 ;; Registers used:
   116 ;;		wreg, status,2, status,0, cstack
   117 ;; Tracked objects:
   118 ;;		On entry : 0/0
   119 ;;		On exit  : 0/0
   120 ;;		Unchanged: 0/0
   121 ;; Data sizes:     COMRAM   BANK0   BANK1   BANK2   BANK3   BANK4   BANK5   BANK6   BANK7
   122 ;;      Params:         5       0       0       0       0       0       0       0       0
   123 ;;      Locals:         2       0       0       0       0       0       0       0       0
   124 ;;      Temps:          2       0       0       0       0       0       0       0       0
   125 ;;      Totals:         9       0       0       0       0       0       0       0       0
   126 ;;Total ram usage:        9 bytes
   127 ;; Hardware stack levels required when called: 1
   128 ;; This function calls:
   129 ;;		_delaymsled_red_green
   130 ;;		_delaymsled_yellow
   131 ;;		_piractivar
   132 ;; This function is called by:
   133 ;;		Startup code after reset
   134 ;; This function uses a non-reentrant model
   135 ;;
   136                           
   137                           	psect	text0
   138  007F22                     __ptext0:
   139                           	callstack 0
   140  007F22                     _main:
   141                           	callstack 30
   142  007F22                     
   143                           ;main.c: 43:     OSCCON=0b01110010;
   144  007F22  0E72               	movlw	114
   145  007F24  6ED3               	movwf	211,c	;volatile
   146                           
   147                           ;main.c: 45:     ADCON1 = 0x0F;
   148  007F26  0E0F               	movlw	15
   149  007F28  6EC1               	movwf	193,c	;volatile
   150                           
   151                           ;main.c: 46:     TRISD = 0b00000000;
   152  007F2A  0E00               	movlw	0
   153  007F2C  6E95               	movwf	149,c	;volatile
   154  007F2E                     
   155                           ;main.c: 51:       TRISAbits.TRISA0=1;
   156  007F2E  8092               	bsf	146,0,c	;volatile
   157  007F30                     
   158                           ;main.c: 52:       PORTAbits.RA0 = 1;
   159  007F30  8080               	bsf	128,0,c	;volatile
   160  007F32                     
   161                           ;main.c: 54:     PORTDbits.RD4 = 0;
   162  007F32  9883               	bcf	131,4,c	;volatile
   163  007F34                     
   164                           ;main.c: 57:     PORTDbits.RD3 = 0;
   165  007F34  9683               	bcf	131,3,c	;volatile
   166  007F36                     
   167                           ;main.c: 60:     TRISBbits.RB0 = 0;
   168  007F36  9093               	bcf	147,0,c	;volatile
   169  007F38                     
   170                           ;main.c: 61:     TRISBbits.RB1 = 0;
   171  007F38  9293               	bcf	147,1,c	;volatile
   172  007F3A                     
   173                           ;main.c: 64:     TRISBbits.RB7 = 0;
   174  007F3A  9E93               	bcf	147,7,c	;volatile
   175                           
   176                           ;main.c: 67:     int contador = 0;
   177  007F3C  0E00               	movlw	0
   178  007F3E  6E0B               	movwf	(main@contador+1)^0,c
   179  007F40  0E00               	movlw	0
   180  007F42  6E0A               	movwf	main@contador^0,c
   181  007F44                     l840:
   182                           
   183                           ;main.c: 71:         _delay((unsigned long)((20)*(80000000/4000.0)));
   184  007F44  0E03               	movlw	3
   185  007F46  6E09               	movwf	(??_main+1)^0,c
   186  007F48  0E08               	movlw	8
   187  007F4A  6E08               	movwf	??_main^0,c
   188  007F4C  0E77               	movlw	119
   189  007F4E                     u197:
   190  007F4E  2EE8               	decfsz	wreg,f,c
   191  007F50  D7FE               	bra	u197
   192  007F52  2E08               	decfsz	??_main^0,f,c
   193  007F54  D7FC               	bra	u197
   194  007F56  2E09               	decfsz	(??_main+1)^0,f,c
   195  007F58  D7FA               	bra	u197
   196  007F5A  F000               	nop	
   197  007F5C                     
   198                           ;main.c: 72:         if(PORTAbits.RA0 == 1){
   199  007F5C  A080               	btfss	128,0,c	;volatile
   200  007F5E  EFB3  F03F         	goto	u161
   201  007F62  EFB5  F03F         	goto	u160
   202  007F66                     u161:
   203  007F66  EFBA  F03F         	goto	l30
   204  007F6A                     u160:
   205  007F6A                     
   206                           ;main.c: 73:             LATBbits.LB7 = 1;
   207  007F6A  8E8A               	bsf	138,7,c	;volatile
   208                           
   209                           ;main.c: 75:             LATBbits.LB0 = 1;
   210  007F6C  808A               	bsf	138,0,c	;volatile
   211                           
   212                           ;main.c: 76:             LATBbits.LB1 = 0;
   213  007F6E  928A               	bcf	138,1,c	;volatile
   214                           
   215                           ;main.c: 92:         }else{
   216  007F70  EFBB  F03F         	goto	l846
   217  007F74                     l30:
   218                           
   219                           ;main.c: 93:              LATBbits.LATB7 = 0;
   220  007F74  9E8A               	bcf	138,7,c	;volatile
   221  007F76                     l846:
   222                           
   223                           ;main.c: 97:         if (contador != 0 ){
   224  007F76  500A               	movf	main@contador^0,w,c
   225  007F78  100B               	iorwf	(main@contador+1)^0,w,c
   226  007F7A  B4D8               	btfsc	status,2,c
   227  007F7C  EFC2  F03F         	goto	u171
   228  007F80  EFC4  F03F         	goto	u170
   229  007F84                     u171:
   230  007F84  EFCA  F03F         	goto	l852
   231  007F88                     u170:
   232  007F88                     
   233                           ;main.c: 99:             PORTDbits.RD0 = 0;
   234  007F88  9083               	bcf	131,0,c	;volatile
   235                           
   236                           ;main.c: 100:             PORTDbits.RD1 = 1;
   237  007F8A  8283               	bsf	131,1,c	;volatile
   238                           
   239                           ;main.c: 101:             PORTDbits.RD2 = 0;
   240  007F8C  9483               	bcf	131,2,c	;volatile
   241                           
   242                           ;main.c: 102:             PORTDbits.RD3 = 0;
   243  007F8E  9683               	bcf	131,3,c	;volatile
   244  007F90                     
   245                           ;main.c: 103:             delaymsled_yellow();
   246  007F90  EC53  F03F         	call	_delaymsled_yellow	;wreg free
   247  007F94                     l852:
   248                           
   249                           ;main.c: 107:         PORTDbits.RD0 = 0;
   250  007F94  9083               	bcf	131,0,c	;volatile
   251  007F96                     
   252                           ;main.c: 108:         PORTDbits.RD1 = 0;
   253  007F96  9283               	bcf	131,1,c	;volatile
   254  007F98                     
   255                           ;main.c: 109:         PORTDbits.RD2 = 1;
   256  007F98  8483               	bsf	131,2,c	;volatile
   257  007F9A                     
   258                           ;main.c: 111:         if(contador == 0){
   259  007F9A  500A               	movf	main@contador^0,w,c
   260  007F9C  100B               	iorwf	(main@contador+1)^0,w,c
   261  007F9E  A4D8               	btfss	status,2,c
   262  007FA0  EFD4  F03F         	goto	u181
   263  007FA4  EFD6  F03F         	goto	u180
   264  007FA8                     u181:
   265  007FA8  EFDE  F03F         	goto	l862
   266  007FAC                     u180:
   267  007FAC                     
   268                           ;main.c: 112:             _delay((unsigned long)((7)*(80000000/4000.0)));
   269  007FAC  0EB6               	movlw	182
   270  007FAE  6E08               	movwf	??_main^0,c
   271  007FB0  0ED0               	movlw	208
   272  007FB2                     u207:
   273  007FB2  2EE8               	decfsz	wreg,f,c
   274  007FB4  D7FE               	bra	u207
   275  007FB6  2E08               	decfsz	??_main^0,f,c
   276  007FB8  D7FC               	bra	u207
   277  007FBA  D000               	nop2	
   278  007FBC                     l862:
   279                           
   280                           ;main.c: 114:         piractivar(0);
   281  007FBC  0E00               	movlw	0
   282  007FBE  6E02               	movwf	(piractivar@flag+1)^0,c
   283  007FC0  0E00               	movlw	0
   284  007FC2  6E01               	movwf	piractivar@flag^0,c
   285  007FC4  EC5F  F03F         	call	_piractivar	;wreg free
   286  007FC8                     
   287                           ;main.c: 115:         delaymsled_red_green();
   288  007FC8  EC47  F03F         	call	_delaymsled_red_green	;wreg free
   289  007FCC                     
   290                           ;main.c: 116:         delaymsled_red_green();
   291  007FCC  EC47  F03F         	call	_delaymsled_red_green	;wreg free
   292  007FD0                     
   293                           ;main.c: 119:         PORTDbits.RD0 = 0;
   294  007FD0  9083               	bcf	131,0,c	;volatile
   295  007FD2                     
   296                           ;main.c: 120:         PORTDbits.RD1 = 1;
   297  007FD2  8283               	bsf	131,1,c	;volatile
   298  007FD4                     
   299                           ;main.c: 121:         PORTDbits.RD2 = 0;
   300  007FD4  9483               	bcf	131,2,c	;volatile
   301  007FD6                     
   302                           ;main.c: 122:         delaymsled_yellow();
   303  007FD6  EC53  F03F         	call	_delaymsled_yellow	;wreg free
   304  007FDA                     
   305                           ;main.c: 126:         PORTDbits.RD0 = 1;
   306  007FDA  8083               	bsf	131,0,c	;volatile
   307  007FDC                     
   308                           ;main.c: 127:         PORTDbits.RD1 = 0;
   309  007FDC  9283               	bcf	131,1,c	;volatile
   310  007FDE                     
   311                           ;main.c: 128:         PORTDbits.RD2 = 0;
   312  007FDE  9483               	bcf	131,2,c	;volatile
   313  007FE0                     
   314                           ;main.c: 131:         piractivar(1);
   315  007FE0  0E00               	movlw	0
   316  007FE2  6E02               	movwf	(piractivar@flag+1)^0,c
   317  007FE4  0E01               	movlw	1
   318  007FE6  6E01               	movwf	piractivar@flag^0,c
   319  007FE8  EC5F  F03F         	call	_piractivar	;wreg free
   320  007FEC                     
   321                           ;main.c: 133:         delaymsled_red_green();
   322  007FEC  EC47  F03F         	call	_delaymsled_red_green	;wreg free
   323  007FF0                     
   324                           ;main.c: 134:         delaymsled_red_green();
   325  007FF0  EC47  F03F         	call	_delaymsled_red_green	;wreg free
   326  007FF4                     
   327                           ;main.c: 136:         contador++;
   328  007FF4  4A0A               	infsnz	main@contador^0,f,c
   329  007FF6  2A0B               	incf	(main@contador+1)^0,f,c
   330  007FF8  EFA2  F03F         	goto	l840
   331  007FFC  EF00  F000         	goto	start
   332  008000                     __end_of_main:
   333                           	callstack 0
   334                           
   335 ;; *************** function _piractivar *****************
   336 ;; Defined at:
   337 ;;		line 152 in file "main.c"
   338 ;; Parameters:    Size  Location     Type
   339 ;;  flag            2    0[COMRAM] int 
   340 ;; Auto vars:     Size  Location     Type
   341 ;;		None
   342 ;; Return value:  Size  Location     Type
   343 ;;                  1    wreg      void 
   344 ;; Registers used:
   345 ;;		wreg, status,2, status,0
   346 ;; Tracked objects:
   347 ;;		On entry : 0/0
   348 ;;		On exit  : 0/0
   349 ;;		Unchanged: 0/0
   350 ;; Data sizes:     COMRAM   BANK0   BANK1   BANK2   BANK3   BANK4   BANK5   BANK6   BANK7
   351 ;;      Params:         2       0       0       0       0       0       0       0       0
   352 ;;      Locals:         0       0       0       0       0       0       0       0       0
   353 ;;      Temps:          0       0       0       0       0       0       0       0       0
   354 ;;      Totals:         2       0       0       0       0       0       0       0       0
   355 ;;Total ram usage:        2 bytes
   356 ;; Hardware stack levels used: 1
   357 ;; This function calls:
   358 ;;		Nothing
   359 ;; This function is called by:
   360 ;;		_main
   361 ;; This function uses a non-reentrant model
   362 ;;
   363                           
   364                           	psect	text1
   365  007EBE                     __ptext1:
   366                           	callstack 0
   367  007EBE                     _piractivar:
   368                           	callstack 30
   369  007EBE                     
   370                           ;main.c: 153:     if (flag == 0){
   371  007EBE  5001               	movf	piractivar@flag^0,w,c
   372  007EC0  1002               	iorwf	(piractivar@flag+1)^0,w,c
   373  007EC2  A4D8               	btfss	status,2,c
   374  007EC4  EF66  F03F         	goto	u101
   375  007EC8  EF68  F03F         	goto	u100
   376  007ECC                     u101:
   377  007ECC  EF79  F03F         	goto	l45
   378  007ED0                     u100:
   379  007ED0                     
   380                           ;main.c: 154:         if (PORTDbits.RD2 == 1 && PORTAbits.RA0 == 1){
   381  007ED0  A483               	btfss	131,2,c	;volatile
   382  007ED2  EF6D  F03F         	goto	u111
   383  007ED6  EF6F  F03F         	goto	u110
   384  007EDA                     u111:
   385  007EDA  EF90  F03F         	goto	l50
   386  007EDE                     u110:
   387  007EDE  A080               	btfss	128,0,c	;volatile
   388  007EE0  EF74  F03F         	goto	u121
   389  007EE4  EF76  F03F         	goto	u120
   390  007EE8                     u121:
   391  007EE8  EF90  F03F         	goto	l50
   392  007EEC                     u120:
   393  007EEC                     
   394                           ;main.c: 155:             PORTDbits.RD4 = 1;
   395  007EEC  8883               	bsf	131,4,c	;volatile
   396  007EEE  EF90  F03F         	goto	l50
   397  007EF2                     l45:
   398                           
   399                           ;main.c: 158:         if (PORTDbits.RD0 == 1 && PORTDbits.RD4 == 1){
   400  007EF2  A083               	btfss	131,0,c	;volatile
   401  007EF4  EF7E  F03F         	goto	u131
   402  007EF8  EF80  F03F         	goto	u130
   403  007EFC                     u131:
   404  007EFC  EF90  F03F         	goto	l50
   405  007F00                     u130:
   406  007F00  A883               	btfss	131,4,c	;volatile
   407  007F02  EF85  F03F         	goto	u141
   408  007F06  EF87  F03F         	goto	u140
   409  007F0A                     u141:
   410  007F0A  EF90  F03F         	goto	l50
   411  007F0E                     u140:
   412  007F0E                     
   413                           ;main.c: 159:             PORTDbits.RD4 = 0;
   414  007F0E  9883               	bcf	131,4,c	;volatile
   415                           
   416                           ;main.c: 160:             if(PORTAbits.RA0 == 1){
   417  007F10  A080               	btfss	128,0,c	;volatile
   418  007F12  EF8D  F03F         	goto	u151
   419  007F16  EF8F  F03F         	goto	u150
   420  007F1A                     u151:
   421  007F1A  EF90  F03F         	goto	l50
   422  007F1E                     u150:
   423  007F1E                     
   424                           ;main.c: 162:                PORTDbits.RD3 = 1;
   425  007F1E  8683               	bsf	131,3,c	;volatile
   426  007F20                     l50:
   427  007F20  0012               	return		;funcret
   428  007F22                     __end_of_piractivar:
   429                           	callstack 0
   430                           
   431 ;; *************** function _delaymsled_yellow *****************
   432 ;; Defined at:
   433 ;;		line 146 in file "main.c"
   434 ;; Parameters:    Size  Location     Type
   435 ;;		None
   436 ;; Auto vars:     Size  Location     Type
   437 ;;		None
   438 ;; Return value:  Size  Location     Type
   439 ;;                  1    wreg      void 
   440 ;; Registers used:
   441 ;;		wreg
   442 ;; Tracked objects:
   443 ;;		On entry : 0/0
   444 ;;		On exit  : 0/0
   445 ;;		Unchanged: 0/0
   446 ;; Data sizes:     COMRAM   BANK0   BANK1   BANK2   BANK3   BANK4   BANK5   BANK6   BANK7
   447 ;;      Params:         0       0       0       0       0       0       0       0       0
   448 ;;      Locals:         0       0       0       0       0       0       0       0       0
   449 ;;      Temps:          2       0       0       0       0       0       0       0       0
   450 ;;      Totals:         2       0       0       0       0       0       0       0       0
   451 ;;Total ram usage:        2 bytes
   452 ;; Hardware stack levels used: 1
   453 ;; This function calls:
   454 ;;		Nothing
   455 ;; This function is called by:
   456 ;;		_main
   457 ;; This function uses a non-reentrant model
   458 ;;
   459                           
   460                           	psect	text2
   461  007EA6                     __ptext2:
   462                           	callstack 0
   463  007EA6                     _delaymsled_yellow:
   464                           	callstack 30
   465  007EA6                     
   466                           ;main.c: 147:     _delay((unsigned long)((30)*(80000000/4000.0)));
   467  007EA6  0E04               	movlw	4
   468  007EA8  6E02               	movwf	(??_delaymsled_yellow+1)^0,c
   469  007EAA  0E0C               	movlw	12
   470  007EAC  6E01               	movwf	??_delaymsled_yellow^0,c
   471  007EAE  0E34               	movlw	52
   472  007EB0                     u217:
   473  007EB0  2EE8               	decfsz	wreg,f,c
   474  007EB2  D7FE               	bra	u217
   475  007EB4  2E01               	decfsz	??_delaymsled_yellow^0,f,c
   476  007EB6  D7FC               	bra	u217
   477  007EB8  2E02               	decfsz	(??_delaymsled_yellow+1)^0,f,c
   478  007EBA  D7FA               	bra	u217
   479  007EBC  0012               	return		;funcret
   480  007EBE                     __end_of_delaymsled_yellow:
   481                           	callstack 0
   482                           
   483 ;; *************** function _delaymsled_red_green *****************
   484 ;; Defined at:
   485 ;;		line 143 in file "main.c"
   486 ;; Parameters:    Size  Location     Type
   487 ;;		None
   488 ;; Auto vars:     Size  Location     Type
   489 ;;		None
   490 ;; Return value:  Size  Location     Type
   491 ;;                  1    wreg      void 
   492 ;; Registers used:
   493 ;;		wreg
   494 ;; Tracked objects:
   495 ;;		On entry : 0/0
   496 ;;		On exit  : 0/0
   497 ;;		Unchanged: 0/0
   498 ;; Data sizes:     COMRAM   BANK0   BANK1   BANK2   BANK3   BANK4   BANK5   BANK6   BANK7
   499 ;;      Params:         0       0       0       0       0       0       0       0       0
   500 ;;      Locals:         0       0       0       0       0       0       0       0       0
   501 ;;      Temps:          2       0       0       0       0       0       0       0       0
   502 ;;      Totals:         2       0       0       0       0       0       0       0       0
   503 ;;Total ram usage:        2 bytes
   504 ;; Hardware stack levels used: 1
   505 ;; This function calls:
   506 ;;		Nothing
   507 ;; This function is called by:
   508 ;;		_main
   509 ;; This function uses a non-reentrant model
   510 ;;
   511                           
   512                           	psect	text3
   513  007E8E                     __ptext3:
   514                           	callstack 0
   515  007E8E                     _delaymsled_red_green:
   516                           	callstack 30
   517  007E8E                     
   518                           ;main.c: 144:     _delay((unsigned long)((100)*(80000000/4000.0)));
   519  007E8E  0E0B               	movlw	11
   520  007E90  6E02               	movwf	(??_delaymsled_red_green+1)^0,c
   521  007E92  0E26               	movlw	38
   522  007E94  6E01               	movwf	??_delaymsled_red_green^0,c
   523  007E96  0E5E               	movlw	94
   524  007E98                     u227:
   525  007E98  2EE8               	decfsz	wreg,f,c
   526  007E9A  D7FE               	bra	u227
   527  007E9C  2E01               	decfsz	??_delaymsled_red_green^0,f,c
   528  007E9E  D7FC               	bra	u227
   529  007EA0  2E02               	decfsz	(??_delaymsled_red_green+1)^0,f,c
   530  007EA2  D7FA               	bra	u227
   531  007EA4  0012               	return		;funcret
   532  007EA6                     __end_of_delaymsled_red_green:
   533                           	callstack 0
   534  0000                     
   535                           	psect	rparam
   536  0000                     
   537                           	psect	idloc
   538                           
   539                           ;Config register IDLOC0 @ 0x200000
   540                           ;	unspecified, using default values
   541  200000                     	org	2097152
   542  200000  FF                 	db	255
   543                           
   544                           ;Config register IDLOC1 @ 0x200001
   545                           ;	unspecified, using default values
   546  200001                     	org	2097153
   547  200001  FF                 	db	255
   548                           
   549                           ;Config register IDLOC2 @ 0x200002
   550                           ;	unspecified, using default values
   551  200002                     	org	2097154
   552  200002  FF                 	db	255
   553                           
   554                           ;Config register IDLOC3 @ 0x200003
   555                           ;	unspecified, using default values
   556  200003                     	org	2097155
   557  200003  FF                 	db	255
   558                           
   559                           ;Config register IDLOC4 @ 0x200004
   560                           ;	unspecified, using default values
   561  200004                     	org	2097156
   562  200004  FF                 	db	255
   563                           
   564                           ;Config register IDLOC5 @ 0x200005
   565                           ;	unspecified, using default values
   566  200005                     	org	2097157
   567  200005  FF                 	db	255
   568                           
   569                           ;Config register IDLOC6 @ 0x200006
   570                           ;	unspecified, using default values
   571  200006                     	org	2097158
   572  200006  FF                 	db	255
   573                           
   574                           ;Config register IDLOC7 @ 0x200007
   575                           ;	unspecified, using default values
   576  200007                     	org	2097159
   577  200007  FF                 	db	255
   578                           
   579                           	psect	config
   580                           
   581                           ;Config register CONFIG1L @ 0x300000
   582                           ;	PLL Prescaler Selection bits
   583                           ;	PLLDIV = 1, No prescale (4 MHz oscillator input drives PLL directly)
   584                           ;	System Clock Postscaler Selection bits
   585                           ;	CPUDIV = OSC1_PLL2, [Primary Oscillator Src: /1][96 MHz PLL Src: /2]
   586                           ;	USB Clock Selection bit (used in Full-Speed USB mode only; UCFG:FSEN = 1)
   587                           ;	USBDIV = 1, USB clock source comes directly from the primary oscillator block with no 
      +                          postscale
   588  300000                     	org	3145728
   589  300000  00                 	db	0
   590                           
   591                           ;Config register CONFIG1H @ 0x300001
   592                           ;	Oscillator Selection bits
   593                           ;	FOSC = INTOSC_XT, Internal oscillator, XT used by USB (INTXT)
   594                           ;	Fail-Safe Clock Monitor Enable bit
   595                           ;	FCMEN = OFF, Fail-Safe Clock Monitor disabled
   596                           ;	Internal/External Oscillator Switchover bit
   597                           ;	IESO = OFF, Oscillator Switchover mode disabled
   598  300001                     	org	3145729
   599  300001  0A                 	db	10
   600                           
   601                           ;Config register CONFIG2L @ 0x300002
   602                           ;	Power-up Timer Enable bit
   603                           ;	PWRT = OFF, PWRT disabled
   604                           ;	Brown-out Reset Enable bits
   605                           ;	BOR = ON, Brown-out Reset enabled in hardware only (SBOREN is disabled)
   606                           ;	Brown-out Reset Voltage bits
   607                           ;	BORV = 3, Minimum setting 2.05V
   608                           ;	USB Voltage Regulator Enable bit
   609                           ;	VREGEN = OFF, USB voltage regulator disabled
   610  300002                     	org	3145730
   611  300002  1F                 	db	31
   612                           
   613                           ;Config register CONFIG2H @ 0x300003
   614                           ;	Watchdog Timer Enable bit
   615                           ;	WDT = OFF, WDT disabled (control is placed on the SWDTEN bit)
   616                           ;	Watchdog Timer Postscale Select bits
   617                           ;	WDTPS = 32768, 1:32768
   618  300003                     	org	3145731
   619  300003  1E                 	db	30
   620                           
   621                           ; Padding undefined space
   622  300004                     	org	3145732
   623  300004  FF                 	db	255
   624                           
   625                           ;Config register CONFIG3H @ 0x300005
   626                           ;	CCP2 MUX bit
   627                           ;	CCP2MX = ON, CCP2 input/output is multiplexed with RC1
   628                           ;	PORTB A/D Enable bit
   629                           ;	PBADEN = ON, PORTB<4:0> pins are configured as analog input channels on Reset
   630                           ;	Low-Power Timer 1 Oscillator Enable bit
   631                           ;	LPT1OSC = OFF, Timer1 configured for higher power operation
   632                           ;	MCLR Pin Enable bit
   633                           ;	MCLRE = ON, MCLR pin enabled; RE3 input pin disabled
   634  300005                     	org	3145733
   635  300005  83                 	db	131
   636                           
   637                           ;Config register CONFIG4L @ 0x300006
   638                           ;	Stack Full/Underflow Reset Enable bit
   639                           ;	STVREN = ON, Stack full/underflow will cause Reset
   640                           ;	Single-Supply ICSP Enable bit
   641                           ;	LVP = ON, Single-Supply ICSP enabled
   642                           ;	Dedicated In-Circuit Debug/Programming Port (ICPORT) Enable bit
   643                           ;	ICPRT = OFF, ICPORT disabled
   644                           ;	Extended Instruction Set Enable bit
   645                           ;	XINST = OFF, Instruction set extension and Indexed Addressing mode disabled (Legacy mo
      +                          de)
   646                           ;	Background Debugger Enable bit
   647                           ;	DEBUG = 0x1, unprogrammed default
   648  300006                     	org	3145734
   649  300006  85                 	db	133
   650                           
   651                           ; Padding undefined space
   652  300007                     	org	3145735
   653  300007  FF                 	db	255
   654                           
   655                           ;Config register CONFIG5L @ 0x300008
   656                           ;	Code Protection bit
   657                           ;	CP0 = OFF, Block 0 (000800-001FFFh) is not code-protected
   658                           ;	Code Protection bit
   659                           ;	CP1 = OFF, Block 1 (002000-003FFFh) is not code-protected
   660                           ;	Code Protection bit
   661                           ;	CP2 = OFF, Block 2 (004000-005FFFh) is not code-protected
   662                           ;	Code Protection bit
   663                           ;	CP3 = OFF, Block 3 (006000-007FFFh) is not code-protected
   664  300008                     	org	3145736
   665  300008  0F                 	db	15
   666                           
   667                           ;Config register CONFIG5H @ 0x300009
   668                           ;	Boot Block Code Protection bit
   669                           ;	CPB = OFF, Boot block (000000-0007FFh) is not code-protected
   670                           ;	Data EEPROM Code Protection bit
   671                           ;	CPD = OFF, Data EEPROM is not code-protected
   672  300009                     	org	3145737
   673  300009  C0                 	db	192
   674                           
   675                           ;Config register CONFIG6L @ 0x30000A
   676                           ;	Write Protection bit
   677                           ;	WRT0 = OFF, Block 0 (000800-001FFFh) is not write-protected
   678                           ;	Write Protection bit
   679                           ;	WRT1 = OFF, Block 1 (002000-003FFFh) is not write-protected
   680                           ;	Write Protection bit
   681                           ;	WRT2 = OFF, Block 2 (004000-005FFFh) is not write-protected
   682                           ;	Write Protection bit
   683                           ;	WRT3 = OFF, Block 3 (006000-007FFFh) is not write-protected
   684  30000A                     	org	3145738
   685  30000A  0F                 	db	15
   686                           
   687                           ;Config register CONFIG6H @ 0x30000B
   688                           ;	Configuration Register Write Protection bit
   689                           ;	WRTC = OFF, Configuration registers (300000-3000FFh) are not write-protected
   690                           ;	Boot Block Write Protection bit
   691                           ;	WRTB = OFF, Boot block (000000-0007FFh) is not write-protected
   692                           ;	Data EEPROM Write Protection bit
   693                           ;	WRTD = OFF, Data EEPROM is not write-protected
   694  30000B                     	org	3145739
   695  30000B  E0                 	db	224
   696                           
   697                           ;Config register CONFIG7L @ 0x30000C
   698                           ;	Table Read Protection bit
   699                           ;	EBTR0 = OFF, Block 0 (000800-001FFFh) is not protected from table reads executed in ot
      +                          her blocks
   700                           ;	Table Read Protection bit
   701                           ;	EBTR1 = OFF, Block 1 (002000-003FFFh) is not protected from table reads executed in ot
      +                          her blocks
   702                           ;	Table Read Protection bit
   703                           ;	EBTR2 = OFF, Block 2 (004000-005FFFh) is not protected from table reads executed in ot
      +                          her blocks
   704                           ;	Table Read Protection bit
   705                           ;	EBTR3 = OFF, Block 3 (006000-007FFFh) is not protected from table reads executed in ot
      +                          her blocks
   706  30000C                     	org	3145740
   707  30000C  0F                 	db	15
   708                           
   709                           ;Config register CONFIG7H @ 0x30000D
   710                           ;	Boot Block Table Read Protection bit
   711                           ;	EBTRB = OFF, Boot block (000000-0007FFh) is not protected from table reads executed in
      +                           other blocks
   712  30000D                     	org	3145741
   713  30000D  40                 	db	64
   714                           tosu	equ	0xFFF
   715                           tosh	equ	0xFFE
   716                           tosl	equ	0xFFD
   717                           stkptr	equ	0xFFC
   718                           pclatu	equ	0xFFB
   719                           pclath	equ	0xFFA
   720                           pcl	equ	0xFF9
   721                           tblptru	equ	0xFF8
   722                           tblptrh	equ	0xFF7
   723                           tblptrl	equ	0xFF6
   724                           tablat	equ	0xFF5
   725                           prodh	equ	0xFF4
   726                           prodl	equ	0xFF3
   727                           indf0	equ	0xFEF
   728                           postinc0	equ	0xFEE
   729                           postdec0	equ	0xFED
   730                           preinc0	equ	0xFEC
   731                           plusw0	equ	0xFEB
   732                           fsr0h	equ	0xFEA
   733                           fsr0l	equ	0xFE9
   734                           wreg	equ	0xFE8
   735                           indf1	equ	0xFE7
   736                           postinc1	equ	0xFE6
   737                           postdec1	equ	0xFE5
   738                           preinc1	equ	0xFE4
   739                           plusw1	equ	0xFE3
   740                           fsr1h	equ	0xFE2
   741                           fsr1l	equ	0xFE1
   742                           bsr	equ	0xFE0
   743                           indf2	equ	0xFDF
   744                           postinc2	equ	0xFDE
   745                           postdec2	equ	0xFDD
   746                           preinc2	equ	0xFDC
   747                           plusw2	equ	0xFDB
   748                           fsr2h	equ	0xFDA
   749                           fsr2l	equ	0xFD9
   750                           status	equ	0xFD8

Data Sizes:
    Strings     0
    Constant    0
    Data        0
    BSS         0
    Persistent  0
    Stack       0

Auto Spaces:
    Space          Size  Autos    Used
    COMRAM           95     11      11
    BANK0           160      0       0
    BANK1           256      0       0
    BANK2           256      0       0
    BANK3           256      0       0
    BANK4           256      0       0
    BANK5           256      0       0
    BANK6           256      0       0
    BANK7           256      0       0

Pointer List with Targets:

    None.

Critical Paths under _main in COMRAM

    _main->_delaymsled_red_green
    _main->_delaymsled_yellow
    _main->_piractivar

Critical Paths under _main in BANK0

    None.

Critical Paths under _main in BANK1

    None.

Critical Paths under _main in BANK2

    None.

Critical Paths under _main in BANK3

    None.

Critical Paths under _main in BANK4

    None.

Critical Paths under _main in BANK5

    None.

Critical Paths under _main in BANK6

    None.

Critical Paths under _main in BANK7

    None.

Call Graph Tables:

 ---------------------------------------------------------------------------------
 (Depth) Function   	        Calls       Base Space   Used Autos Params    Refs
 ---------------------------------------------------------------------------------
 (0) _main                                                 9     4      5     220
                                              2 COMRAM     9     4      5
               _delaymsled_red_green
                  _delaymsled_yellow
                         _piractivar
 ---------------------------------------------------------------------------------
 (1) _piractivar                                           2     0      2     174
                                              0 COMRAM     2     0      2
 ---------------------------------------------------------------------------------
 (1) _delaymsled_yellow                                    2     2      0       0
                                              0 COMRAM     2     2      0
 ---------------------------------------------------------------------------------
 (1) _delaymsled_red_green                                 2     2      0       0
                                              0 COMRAM     2     2      0
 ---------------------------------------------------------------------------------
 Estimated maximum stack depth 1
 ---------------------------------------------------------------------------------

 Call Graph Graphs:

 _main (ROOT)
   _delaymsled_red_green
   _delaymsled_yellow
   _piractivar

 Address spaces:
Name               Size   Autos  Total    Cost      Usage
BITCOMRAM           5F      0       0       0        0.0%
EEDATA             100      0       0       0        0.0%
NULL                 0      0       0       0        0.0%
CODE                 0      0       0       0        0.0%
COMRAM              5F      B       B       1       11.6%
STACK                0      0       0       2        0.0%
DATA                 0      0       0       3        0.0%
BITBANK0            A0      0       0       4        0.0%
BANK0               A0      0       0       5        0.0%
BITBANK1           100      0       0       6        0.0%
BANK1              100      0       0       7        0.0%
BITBANK2           100      0       0       8        0.0%
BANK2              100      0       0       9        0.0%
BITBANK3           100      0       0      10        0.0%
BANK3              100      0       0      11        0.0%
BITBANK4           100      0       0      12        0.0%
BANK4              100      0       0      13        0.0%
BITBANK5           100      0       0      14        0.0%
BANK5              100      0       0      15        0.0%
BITBANK6           100      0       0      16        0.0%
BANK6              100      0       0      17        0.0%
BITBANK7           100      0       0      18        0.0%
BANK7              100      0       0      19        0.0%
BITBIGSFRh          2C      0       0      20        0.0%
BITBIGSFRlh         11      0       0      21        0.0%
BITBIGSFRllh        2B      0       0      22        0.0%
BITBIGSFRlllh        1      0       0      23        0.0%
BITBIGSFRllllhh      7      0       0      24        0.0%
BITBIGSFRllllhh      6      0       0      25        0.0%
BITBIGSFRllllhl      2      0       0      26        0.0%
BITBIGSFRlllll      20      0       0      27        0.0%
ABS                  0      0       0      28        0.0%
BIGRAM             7FF      0       0      29        0.0%
BIGSFR               0      0       0     200        0.0%
BITSFR               0      0       0     200        0.0%
SFR                  0      0       0     200        0.0%


Microchip Technology PIC18 Macro Assembler V2.36 build 20220127204148 
Symbol Table                                                                                   Tue Mar 01 12:52:05 2022

                          l30 7F74                            l42 7EBC                            l50 7F20  
                          l45 7EF2                            l39 7EA4         ?_delaymsled_red_green 0001  
                         l810 7EBE                           l820 7F0E                           l812 7ED0  
                         l742 7E8E                           l726 7EA6                           l822 7F1E  
                         l814 7EDE                           l830 7F32                           l816 7EEC  
                         l840 7F44                           l832 7F34                           l824 7F22  
                         l818 7F00                           l850 7F90                           l842 7F5C  
                         l834 7F36                           l826 7F2E                           l860 7FAC  
                         l852 7F94                           l844 7F6A                           l836 7F38  
                         l828 7F30                           l870 7FD2                           l862 7FBC  
                         l854 7F96                           l846 7F76                           l838 7F3A  
                         l880 7FDE                           l872 7FD4                           l864 7FC8  
                         l856 7F98                           l848 7F88                           l882 7FE0  
                         l874 7FD6                           l866 7FCC                           l858 7F9A  
                         l884 7FEC                           l876 7FDA                           l868 7FD0  
                         l886 7FF0                           l878 7FDC                           l888 7FF4  
                         u100 7ED0                           u101 7ECC                           u110 7EDE  
                         u111 7EDA                           u120 7EEC                           u121 7EE8  
                         u130 7F00                           u131 7EFC                           u140 7F0E  
                         u141 7F0A                           u150 7F1E                           u151 7F1A  
                         u207 7FB2                           u160 7F6A                           u217 7EB0  
                         u161 7F66                           u170 7F88                           u227 7E98  
                         u171 7F84                           u180 7FAC                           u181 7FA8  
                         u197 7F4E                           wreg 000FE8                          _main 7F22  
                        start 0000                  ___param_bank 000000                  main@contador 000A  
                       ?_main 0003                         _TRISD 000F95                piractivar@flag 0001  
                       status 000FD8               __initialization 7E88                  __end_of_main 8000  
      ??_delaymsled_red_green 0001                        ??_main 0008                 __activetblptr 000000  
                      _ADCON1 000FC1                        _OSCCON 000FD3                        isa$std 000001  
                  __accesstop 0060       __end_of__initialization 7E88                 ___rparam_used 000001  
              __pcstackCOMRAM 0001                       __Hparam 0000                       __Lparam 0000  
                     __pcinit 7E88                       __ramtop 0800                       __ptext0 7F22  
                     __ptext1 7EBE                       __ptext2 7EA6                       __ptext3 7E8E  
        end_of_initialization 7E88                    _piractivar 7EBE                     _PORTAbits 000F80  
                   _PORTDbits 000F83                     _TRISAbits 000F92                     _TRISBbits 000F93  
         start_initialization 7E88                   ?_piractivar 0001                      _LATBbits 000F8A  
__end_of_delaymsled_red_green 7EA6                      __Hrparam 0000                      __Lrparam 0000  
                ??_piractivar 0003                      isa$xinst 000000             _delaymsled_yellow 7EA6  
                    main@argc 0003                      main@argv 0005            ?_delaymsled_yellow 0001  
          __end_of_piractivar 7F22           ??_delaymsled_yellow 0001     __end_of_delaymsled_yellow 7EBE  
        _delaymsled_red_green 7E8E  
