

Microchip MPLAB XC8 Assembler V2.36 build 20220127204148 
                                                                                               Tue Mar 01 12:59:25 2022

Microchip MPLAB XC8 C Compiler v2.36 (Free license) build 20220127204148 Og1 
     1                           	processor	18F4550
     2                           	fnconf	rparam,??,?,0
     3                           	pagewidth 120
     4                           	opt	flic
     5                           	psect	cinit,global,reloc=2,class=CODE,delta=1
     6                           	psect	cstackCOMRAM,global,class=COMRAM,space=1,delta=1,lowdata,noexec
     7                           	psect	text0,global,reloc=2,class=CODE,delta=1
     8                           	psect	intsave_regs,global,class=BIGRAM,space=1,delta=1,noexec
     9                           	psect	rparam,global,class=COMRAM,space=1,delta=1,noexec
    10                           	psect	idloc,global,abs,ovrld,class=IDLOC,space=5,delta=1,noexec
    11                           	psect	config,global,abs,ovrld,class=CONFIG,space=4,delta=1,noexec
    12  0000                     
    13                           ; Version 2.40
    14                           ; Generated 17/11/2021 GMT
    15                           ; 
    16                           ; Copyright © 2021, Microchip Technology Inc. and its subsidiaries ("Microchip")
    17                           ; All rights reserved.
    18                           ; 
    19                           ; This software is developed by Microchip Technology Inc. and its subsidiaries ("Microch
      +                          ip").
    20                           ; 
    21                           ; Redistribution and use in source and binary forms, with or without modification, are
    22                           ; permitted provided that the following conditions are met:
    23                           ; 
    24                           ;     1. Redistributions of source code must retain the above copyright notice, this lis
      +                          t of
    25                           ;        conditions and the following disclaimer.
    26                           ; 
    27                           ;     2. Redistributions in binary form must reproduce the above copyright notice, this 
      +                          list
    28                           ;        of conditions and the following disclaimer in the documentation and/or other
    29                           ;        materials provided with the distribution. Publication is not required when
    30                           ;        this file is used in an embedded application.
    31                           ; 
    32                           ;     3. Microchip's name may not be used to endorse or promote products derived from th
      +                          is
    33                           ;        software without specific prior written permission.
    34                           ; 
    35                           ; THIS SOFTWARE IS PROVIDED BY MICROCHIP "AS IS" AND ANY EXPRESS OR IMPLIED WARRANTIES,
    36                           ; INCLUDING, BUT NOT LIMITED TO, THE IMPLIED WARRANTIES OF MERCHANTABILITY AND FITNESS F
      +                          OR
    37                           ; PURPOSE ARE DISCLAIMED.  IN NO EVENT SHALL MICROCHIP BE LIABLE FOR ANY DIRECT, INDIREC
      +                          T,
    38                           ; INCIDENTAL, SPECIAL, EXEMPLARY, OR CONSEQUENTIAL DAMAGES (INCLUDING BUT NOT LIMITED TO
    39                           ; PROCUREMENT OF SUBSTITUTE GOODS OR SERVICES; LOSS OF USE, DATA OR PROFITS; OR BUSINESS
    40                           ; INTERRUPTION) HOWSOEVER CAUSED AND ON ANY THEORY OF LIABILITY, WHETHER IN CONTRACT, ST
      +                          RICT
    41                           ; LIABILITY, OR TORT (INCLUDING NEGLIGENCE OR OTHERWISE) ARISING IN ANY WAY OUT OF THE U
      +                          SE OF
    42                           ; THIS SOFTWARE, EVEN IF ADVISED OF THE POSSIBILITY OF SUCH DAMAGE.
    43                           ; 
    44                           ; 
    45                           ; Code-generator required, PIC18F4550 Definitions
    46                           ; 
    47                           ; SFR Addresses
    48  0000                     _PORTBbits	set	3969
    49  0000                     _ADCON1	set	4033
    50  0000                     _OSCCON	set	4051
    51                           
    52                           ; #config settings
    53                           
    54                           	psect	cinit
    55  007FA6                     __pcinit:
    56                           	callstack 0
    57  007FA6                     start_initialization:
    58                           	callstack 0
    59  007FA6                     __initialization:
    60                           	callstack 0
    61  007FA6                     end_of_initialization:
    62                           	callstack 0
    63  007FA6                     __end_of__initialization:
    64                           	callstack 0
    65  007FA6  0100               	movlb	0
    66  007FA8  EFD6  F03F         	goto	_main	;jump to C main() function
    67                           
    68                           	psect	cstackCOMRAM
    69  000001                     __pcstackCOMRAM:
    70                           	callstack 0
    71  000001                     
    72                           ; 2 bytes @ 0x0
    73  000001                     	ds	2
    74  000003                     
    75                           ; 3 bytes @ 0x2
    76  000003                     	ds	3
    77  000006                     ??_main:
    78                           
    79                           ; 1 bytes @ 0x5
    80  000006                     	ds	2
    81  000008                     main@BLUETOOTH:
    82                           	callstack 0
    83                           
    84                           ; 2 bytes @ 0x7
    85  000008                     	ds	2
    86                           
    87 ;;
    88 ;;Main: autosize = 0, tempsize = 2, incstack = 0, save=0
    89 ;;
    90 ;; *************** function _main *****************
    91 ;; Defined at:
    92 ;;		line 26 in file "main.c"
    93 ;; Parameters:    Size  Location     Type
    94 ;;  argc            2    0[COMRAM] int 
    95 ;;  argv            3    2[COMRAM] PTR PTR unsigned char 
    96 ;; Auto vars:     Size  Location     Type
    97 ;;  BLUETOOTH       2    7[COMRAM] int 
    98 ;; Return value:  Size  Location     Type
    99 ;;                  2    0[COMRAM] int 
   100 ;; Registers used:
   101 ;;		wreg, status,2, status,0
   102 ;; Tracked objects:
   103 ;;		On entry : 0/0
   104 ;;		On exit  : 0/0
   105 ;;		Unchanged: 0/0
   106 ;; Data sizes:     COMRAM   BANK0   BANK1   BANK2   BANK3   BANK4   BANK5   BANK6   BANK7
   107 ;;      Params:         5       0       0       0       0       0       0       0       0
   108 ;;      Locals:         2       0       0       0       0       0       0       0       0
   109 ;;      Temps:          2       0       0       0       0       0       0       0       0
   110 ;;      Totals:         9       0       0       0       0       0       0       0       0
   111 ;;Total ram usage:        9 bytes
   112 ;; This function calls:
   113 ;;		Nothing
   114 ;; This function is called by:
   115 ;;		Startup code after reset
   116 ;; This function uses a non-reentrant model
   117 ;;
   118                           
   119                           	psect	text0
   120  007FAC                     __ptext0:
   121                           	callstack 0
   122  007FAC                     _main:
   123                           	callstack 31
   124  007FAC                     
   125                           ;main.c: 28:     OSCCON=0b01110010;
   126  007FAC  0E72               	movlw	114
   127  007FAE  6ED3               	movwf	211,c	;volatile
   128                           
   129                           ;main.c: 29:     ADCON1 = 0x0F;
   130  007FB0  0E0F               	movlw	15
   131  007FB2  6EC1               	movwf	193,c	;volatile
   132  007FB4                     
   133                           ;main.c: 31:     PORTBbits.RB0 = 0;
   134  007FB4  9081               	bcf	129,0,c	;volatile
   135  007FB6                     
   136                           ;main.c: 32:     PORTBbits.RB1 = 0;
   137  007FB6  9281               	bcf	129,1,c	;volatile
   138  007FB8                     
   139                           ;main.c: 33:     PORTBbits.RB7 = 0;
   140  007FB8  9E81               	bcf	129,7,c	;volatile
   141                           
   142                           ;main.c: 34:     int BLUETOOTH = 1;
   143  007FBA  0E00               	movlw	0
   144  007FBC  6E09               	movwf	(main@BLUETOOTH+1)^0,c
   145  007FBE  0E01               	movlw	1
   146  007FC0  6E08               	movwf	main@BLUETOOTH^0,c
   147  007FC2                     l716:
   148                           
   149                           ;main.c: 38:         _delay((unsigned long)((20)*(80000000/4000.0)));
   150  007FC2  0E03               	movlw	3
   151  007FC4  6E07               	movwf	(??_main+1)^0,c
   152  007FC6  0E08               	movlw	8
   153  007FC8  6E06               	movwf	??_main^0,c
   154  007FCA  0E77               	movlw	119
   155  007FCC                     u37:
   156  007FCC  2EE8               	decfsz	wreg,f,c
   157  007FCE  D7FE               	bra	u37
   158  007FD0  2E06               	decfsz	??_main^0,f,c
   159  007FD2  D7FC               	bra	u37
   160  007FD4  2E07               	decfsz	(??_main+1)^0,f,c
   161  007FD6  D7FA               	bra	u37
   162  007FD8  F000               	nop	
   163  007FDA                     
   164                           ;main.c: 39:         if(BLUETOOTH == 1){
   165  007FDA  0408               	decf	main@BLUETOOTH^0,w,c
   166  007FDC  1009               	iorwf	(main@BLUETOOTH+1)^0,w,c
   167  007FDE  A4D8               	btfss	status,2,c
   168  007FE0  EFF4  F03F         	goto	u21
   169  007FE4  EFF6  F03F         	goto	u20
   170  007FE8                     u21:
   171  007FE8  EFFB  F03F         	goto	l14
   172  007FEC                     u20:
   173  007FEC                     
   174                           ;main.c: 40:             PORTBbits.RB7 = 1;
   175  007FEC  8E81               	bsf	129,7,c	;volatile
   176                           
   177                           ;main.c: 41:             PORTBbits.RB0 = 1;
   178  007FEE  8081               	bsf	129,0,c	;volatile
   179                           
   180                           ;main.c: 42:             PORTBbits.RB1 = 0;
   181  007FF0  9281               	bcf	129,1,c	;volatile
   182                           
   183                           ;main.c: 43:         }else{
   184  007FF2  EFE1  F03F         	goto	l716
   185  007FF6                     l14:
   186                           
   187                           ;main.c: 44:              PORTBbits.RB7 = 0;
   188  007FF6  9E81               	bcf	129,7,c	;volatile
   189  007FF8  EFE1  F03F         	goto	l716
   190  007FFC  EF00  F000         	goto	start
   191  008000                     __end_of_main:
   192                           	callstack 0
   193  0000                     
   194                           	psect	rparam
   195  0000                     
   196                           	psect	idloc
   197                           
   198                           ;Config register IDLOC0 @ 0x200000
   199                           ;	unspecified, using default values
   200  200000                     	org	2097152
   201  200000  FF                 	db	255
   202                           
   203                           ;Config register IDLOC1 @ 0x200001
   204                           ;	unspecified, using default values
   205  200001                     	org	2097153
   206  200001  FF                 	db	255
   207                           
   208                           ;Config register IDLOC2 @ 0x200002
   209                           ;	unspecified, using default values
   210  200002                     	org	2097154
   211  200002  FF                 	db	255
   212                           
   213                           ;Config register IDLOC3 @ 0x200003
   214                           ;	unspecified, using default values
   215  200003                     	org	2097155
   216  200003  FF                 	db	255
   217                           
   218                           ;Config register IDLOC4 @ 0x200004
   219                           ;	unspecified, using default values
   220  200004                     	org	2097156
   221  200004  FF                 	db	255
   222                           
   223                           ;Config register IDLOC5 @ 0x200005
   224                           ;	unspecified, using default values
   225  200005                     	org	2097157
   226  200005  FF                 	db	255
   227                           
   228                           ;Config register IDLOC6 @ 0x200006
   229                           ;	unspecified, using default values
   230  200006                     	org	2097158
   231  200006  FF                 	db	255
   232                           
   233                           ;Config register IDLOC7 @ 0x200007
   234                           ;	unspecified, using default values
   235  200007                     	org	2097159
   236  200007  FF                 	db	255
   237                           
   238                           	psect	config
   239                           
   240                           ;Config register CONFIG1L @ 0x300000
   241                           ;	PLL Prescaler Selection bits
   242                           ;	PLLDIV = 1, No prescale (4 MHz oscillator input drives PLL directly)
   243                           ;	System Clock Postscaler Selection bits
   244                           ;	CPUDIV = OSC1_PLL2, [Primary Oscillator Src: /1][96 MHz PLL Src: /2]
   245                           ;	USB Clock Selection bit (used in Full-Speed USB mode only; UCFG:FSEN = 1)
   246                           ;	USBDIV = 1, USB clock source comes directly from the primary oscillator block with no 
      +                          postscale
   247  300000                     	org	3145728
   248  300000  00                 	db	0
   249                           
   250                           ;Config register CONFIG1H @ 0x300001
   251                           ;	Oscillator Selection bits
   252                           ;	FOSC = INTOSC_XT, Internal oscillator, XT used by USB (INTXT)
   253                           ;	Fail-Safe Clock Monitor Enable bit
   254                           ;	FCMEN = OFF, Fail-Safe Clock Monitor disabled
   255                           ;	Internal/External Oscillator Switchover bit
   256                           ;	IESO = OFF, Oscillator Switchover mode disabled
   257  300001                     	org	3145729
   258  300001  0A                 	db	10
   259                           
   260                           ;Config register CONFIG2L @ 0x300002
   261                           ;	Power-up Timer Enable bit
   262                           ;	PWRT = OFF, PWRT disabled
   263                           ;	Brown-out Reset Enable bits
   264                           ;	BOR = ON, Brown-out Reset enabled in hardware only (SBOREN is disabled)
   265                           ;	Brown-out Reset Voltage bits
   266                           ;	BORV = 3, Minimum setting 2.05V
   267                           ;	USB Voltage Regulator Enable bit
   268                           ;	VREGEN = OFF, USB voltage regulator disabled
   269  300002                     	org	3145730
   270  300002  1F                 	db	31
   271                           
   272                           ;Config register CONFIG2H @ 0x300003
   273                           ;	Watchdog Timer Enable bit
   274                           ;	WDT = OFF, WDT disabled (control is placed on the SWDTEN bit)
   275                           ;	Watchdog Timer Postscale Select bits
   276                           ;	WDTPS = 32768, 1:32768
   277  300003                     	org	3145731
   278  300003  1E                 	db	30
   279                           
   280                           ; Padding undefined space
   281  300004                     	org	3145732
   282  300004  FF                 	db	255
   283                           
   284                           ;Config register CONFIG3H @ 0x300005
   285                           ;	CCP2 MUX bit
   286                           ;	CCP2MX = ON, CCP2 input/output is multiplexed with RC1
   287                           ;	PORTB A/D Enable bit
   288                           ;	PBADEN = ON, PORTB<4:0> pins are configured as analog input channels on Reset
   289                           ;	Low-Power Timer 1 Oscillator Enable bit
   290                           ;	LPT1OSC = OFF, Timer1 configured for higher power operation
   291                           ;	MCLR Pin Enable bit
   292                           ;	MCLRE = ON, MCLR pin enabled; RE3 input pin disabled
   293  300005                     	org	3145733
   294  300005  83                 	db	131
   295                           
   296                           ;Config register CONFIG4L @ 0x300006
   297                           ;	Stack Full/Underflow Reset Enable bit
   298                           ;	STVREN = ON, Stack full/underflow will cause Reset
   299                           ;	Single-Supply ICSP Enable bit
   300                           ;	LVP = ON, Single-Supply ICSP enabled
   301                           ;	Dedicated In-Circuit Debug/Programming Port (ICPORT) Enable bit
   302                           ;	ICPRT = OFF, ICPORT disabled
   303                           ;	Extended Instruction Set Enable bit
   304                           ;	XINST = OFF, Instruction set extension and Indexed Addressing mode disabled (Legacy mo
      +                          de)
   305                           ;	Background Debugger Enable bit
   306                           ;	DEBUG = 0x1, unprogrammed default
   307  300006                     	org	3145734
   308  300006  85                 	db	133
   309                           
   310                           ; Padding undefined space
   311  300007                     	org	3145735
   312  300007  FF                 	db	255
   313                           
   314                           ;Config register CONFIG5L @ 0x300008
   315                           ;	Code Protection bit
   316                           ;	CP0 = OFF, Block 0 (000800-001FFFh) is not code-protected
   317                           ;	Code Protection bit
   318                           ;	CP1 = OFF, Block 1 (002000-003FFFh) is not code-protected
   319                           ;	Code Protection bit
   320                           ;	CP2 = OFF, Block 2 (004000-005FFFh) is not code-protected
   321                           ;	Code Protection bit
   322                           ;	CP3 = OFF, Block 3 (006000-007FFFh) is not code-protected
   323  300008                     	org	3145736
   324  300008  0F                 	db	15
   325                           
   326                           ;Config register CONFIG5H @ 0x300009
   327                           ;	Boot Block Code Protection bit
   328                           ;	CPB = OFF, Boot block (000000-0007FFh) is not code-protected
   329                           ;	Data EEPROM Code Protection bit
   330                           ;	CPD = OFF, Data EEPROM is not code-protected
   331  300009                     	org	3145737
   332  300009  C0                 	db	192
   333                           
   334                           ;Config register CONFIG6L @ 0x30000A
   335                           ;	Write Protection bit
   336                           ;	WRT0 = OFF, Block 0 (000800-001FFFh) is not write-protected
   337                           ;	Write Protection bit
   338                           ;	WRT1 = OFF, Block 1 (002000-003FFFh) is not write-protected
   339                           ;	Write Protection bit
   340                           ;	WRT2 = OFF, Block 2 (004000-005FFFh) is not write-protected
   341                           ;	Write Protection bit
   342                           ;	WRT3 = OFF, Block 3 (006000-007FFFh) is not write-protected
   343  30000A                     	org	3145738
   344  30000A  0F                 	db	15
   345                           
   346                           ;Config register CONFIG6H @ 0x30000B
   347                           ;	Configuration Register Write Protection bit
   348                           ;	WRTC = OFF, Configuration registers (300000-3000FFh) are not write-protected
   349                           ;	Boot Block Write Protection bit
   350                           ;	WRTB = OFF, Boot block (000000-0007FFh) is not write-protected
   351                           ;	Data EEPROM Write Protection bit
   352                           ;	WRTD = OFF, Data EEPROM is not write-protected
   353  30000B                     	org	3145739
   354  30000B  E0                 	db	224
   355                           
   356                           ;Config register CONFIG7L @ 0x30000C
   357                           ;	Table Read Protection bit
   358                           ;	EBTR0 = OFF, Block 0 (000800-001FFFh) is not protected from table reads executed in ot
      +                          her blocks
   359                           ;	Table Read Protection bit
   360                           ;	EBTR1 = OFF, Block 1 (002000-003FFFh) is not protected from table reads executed in ot
      +                          her blocks
   361                           ;	Table Read Protection bit
   362                           ;	EBTR2 = OFF, Block 2 (004000-005FFFh) is not protected from table reads executed in ot
      +                          her blocks
   363                           ;	Table Read Protection bit
   364                           ;	EBTR3 = OFF, Block 3 (006000-007FFFh) is not protected from table reads executed in ot
      +                          her blocks
   365  30000C                     	org	3145740
   366  30000C  0F                 	db	15
   367                           
   368                           ;Config register CONFIG7H @ 0x30000D
   369                           ;	Boot Block Table Read Protection bit
   370                           ;	EBTRB = OFF, Boot block (000000-0007FFh) is not protected from table reads executed in
      +                           other blocks
   371  30000D                     	org	3145741
   372  30000D  40                 	db	64
   373                           tosu	equ	0xFFF
   374                           tosh	equ	0xFFE
   375                           tosl	equ	0xFFD
   376                           stkptr	equ	0xFFC
   377                           pclatu	equ	0xFFB
   378                           pclath	equ	0xFFA
   379                           pcl	equ	0xFF9
   380                           tblptru	equ	0xFF8
   381                           tblptrh	equ	0xFF7
   382                           tblptrl	equ	0xFF6
   383                           tablat	equ	0xFF5
   384                           prodh	equ	0xFF4
   385                           prodl	equ	0xFF3
   386                           indf0	equ	0xFEF
   387                           postinc0	equ	0xFEE
   388                           postdec0	equ	0xFED
   389                           preinc0	equ	0xFEC
   390                           plusw0	equ	0xFEB
   391                           fsr0h	equ	0xFEA
   392                           fsr0l	equ	0xFE9
   393                           wreg	equ	0xFE8
   394                           indf1	equ	0xFE7
   395                           postinc1	equ	0xFE6
   396                           postdec1	equ	0xFE5
   397                           preinc1	equ	0xFE4
   398                           plusw1	equ	0xFE3
   399                           fsr1h	equ	0xFE2
   400                           fsr1l	equ	0xFE1
   401                           bsr	equ	0xFE0
   402                           indf2	equ	0xFDF
   403                           postinc2	equ	0xFDE
   404                           postdec2	equ	0xFDD
   405                           preinc2	equ	0xFDC
   406                           plusw2	equ	0xFDB
   407                           fsr2h	equ	0xFDA
   408                           fsr2l	equ	0xFD9
   409                           status	equ	0xFD8

Data Sizes:
    Strings     0
    Constant    0
    Data        0
    BSS         0
    Persistent  0
    Stack       0

Auto Spaces:
    Space          Size  Autos    Used
    COMRAM           95      9       9
    BANK0           160      0       0
    BANK1           256      0       0
    BANK2           256      0       0
    BANK3           256      0       0
    BANK4           256      0       0
    BANK5           256      0       0
    BANK6           256      0       0
    BANK7           256      0       0

Pointer List with Targets:

    None.

Critical Paths under _main in COMRAM

    None.

Critical Paths under _main in BANK0

    None.

Critical Paths under _main in BANK1

    None.

Critical Paths under _main in BANK2

    None.

Critical Paths under _main in BANK3

    None.

Critical Paths under _main in BANK4

    None.

Critical Paths under _main in BANK5

    None.

Critical Paths under _main in BANK6

    None.

Critical Paths under _main in BANK7

    None.

Call Graph Tables:

 ---------------------------------------------------------------------------------
 (Depth) Function   	        Calls       Base Space   Used Autos Params    Refs
 ---------------------------------------------------------------------------------
 (0) _main                                                 9     4      5      23
                                              0 COMRAM     9     4      5
 ---------------------------------------------------------------------------------
 Estimated maximum stack depth 0
 ---------------------------------------------------------------------------------

 Call Graph Graphs:

 _main (ROOT)

 Address spaces:
Name               Size   Autos  Total    Cost      Usage
BITCOMRAM           5F      0       0       0        0.0%
EEDATA             100      0       0       0        0.0%
NULL                 0      0       0       0        0.0%
CODE                 0      0       0       0        0.0%
COMRAM              5F      9       9       1        9.5%
STACK                0      0       0       2        0.0%
DATA                 0      0       0       3        0.0%
BITBANK0            A0      0       0       4        0.0%
BANK0               A0      0       0       5        0.0%
BITBANK1           100      0       0       6        0.0%
BANK1              100      0       0       7        0.0%
BITBANK2           100      0       0       8        0.0%
BANK2              100      0       0       9        0.0%
BITBANK3           100      0       0      10        0.0%
BANK3              100      0       0      11        0.0%
BITBANK4           100      0       0      12        0.0%
BANK4              100      0       0      13        0.0%
BITBANK5           100      0       0      14        0.0%
BANK5              100      0       0      15        0.0%
BITBANK6           100      0       0      16        0.0%
BANK6              100      0       0      17        0.0%
BITBANK7           100      0       0      18        0.0%
BANK7              100      0       0      19        0.0%
BITBIGSFRh          2C      0       0      20        0.0%
BITBIGSFRlh         11      0       0      21        0.0%
BITBIGSFRllh        3F      0       0      22        0.0%
BITBIGSFRlll        21      0       0      23        0.0%
ABS                  0      0       0      24        0.0%
BIGRAM             7FF      0       0      25        0.0%
BIGSFR               0      0       0     200        0.0%
BITSFR               0      0       0     200        0.0%
SFR                  0      0       0     200        0.0%


Microchip Technology PIC18 Macro Assembler V2.36 build 20220127204148 
Symbol Table                                                                                   Tue Mar 01 12:59:25 2022

                     l14 7FF6                       u20 7FEC                       u21 7FE8  
                     u37 7FCC                      l710 7FB4                      l720 7FEC  
                    l712 7FB6                      l714 7FB8                      l716 7FC2  
                    l708 7FAC                      l718 7FDA                      wreg 000FE8  
                   _main 7FAC                     start 0000             ___param_bank 000000  
                  ?_main 0001                    status 000FD8          __initialization 7FA6  
           __end_of_main 8000                   ??_main 0006            __activetblptr 000000  
                 _ADCON1 000FC1                   _OSCCON 000FD3                   isa$std 000001  
             __accesstop 0060  __end_of__initialization 7FA6            ___rparam_used 000001  
         __pcstackCOMRAM 0001                  __Hparam 0000                  __Lparam 0000  
                __pcinit 7FA6                  __ramtop 0800                  __ptext0 7FAC  
   end_of_initialization 7FA6                _PORTBbits 000F81      start_initialization 7FA6  
               __Hrparam 0000                 __Lrparam 0000                 isa$xinst 000000  
               main@argc 0001                 main@argv 0003            main@BLUETOOTH 0008  
